<?xml version="1.0" encoding="UTF-8"?>
<!-- Generated by org.testng.reporters.JUnitReportReporter -->
<testsuite skipped="0" hostname="DESKTOP-MP5NCNK" name="com.training.sanity.tests.editAccountInfoTest" tests="3" failures="0" timestamp="2020-01-31T11:09:19 IST" time="33.566" errors="0">
  <testcase name="loginLinkTest" time="6.542" classname="com.training.sanity.tests.editAccountInfoTest"/>
  <testcase name="loginTest" time="7.701" classname="com.training.sanity.tests.editAccountInfoTest"/>
  <testcase name="editInfoTest" time="19.323" classname="com.training.sanity.tests.editAccountInfoTest"/>
</testsuite> <!-- com.training.sanity.tests.editAccountInfoTest -->
