<?xml version="1.0" encoding="UTF-8"?>
<!-- Generated by org.testng.reporters.JUnitReportReporter -->
<testsuite skipped="0" hostname="DESKTOP-MP5NCNK" name="com.training.sanity.tests.forgotPasswordTest" tests="3" failures="0" timestamp="2020-01-30T12:17:42 IST" time="29.766" errors="0">
  <testcase name="loginLinkTest" time="7.247" classname="com.training.sanity.tests.forgotPasswordTest"/>
  <testcase name="loginTest" time="12.087" classname="com.training.sanity.tests.forgotPasswordTest"/>
  <testcase name="enterRegisteredEmail" time="10.432" classname="com.training.sanity.tests.forgotPasswordTest"/>
</testsuite> <!-- com.training.sanity.tests.forgotPasswordTest -->
