<?xml version="1.0" encoding="UTF-8"?>
<!-- Generated by org.testng.reporters.JUnitReportReporter -->
<testsuite skipped="0" hostname="DESKTOP-MP5NCNK" name="com.training.sanity.tests.orderTest" tests="3" failures="0" timestamp="2020-01-31T16:31:09 IST" time="28.106" errors="0">
  <testcase name="loginLinkTest" time="7.430" classname="com.training.sanity.tests.orderTest"/>
  <testcase name="loginTest" time="8.910" classname="com.training.sanity.tests.orderTest"/>
  <testcase name="ordersTest" time="11.766" classname="com.training.sanity.tests.orderTest"/>
</testsuite> <!-- com.training.sanity.tests.orderTest -->
