<?xml version="1.0" encoding="UTF-8"?>
<!-- Generated by org.testng.reporters.JUnitReportReporter -->
<testsuite skipped="0" hostname="DESKTOP-MP5NCNK" name="com.training.sanity.tests.orderTest" tests="3" failures="0" timestamp="2020-01-30T12:50:19 IST" time="24.946" errors="0">
  <testcase name="loginLinkTest" time="6.894" classname="com.training.sanity.tests.orderTest"/>
  <testcase name="loginTest" time="8.932" classname="com.training.sanity.tests.orderTest"/>
  <testcase name="ordersTest" time="9.120" classname="com.training.sanity.tests.orderTest"/>
</testsuite> <!-- com.training.sanity.tests.orderTest -->
