<?xml version="1.0" encoding="UTF-8"?>
<!-- Generated by org.testng.reporters.JUnitReportReporter -->
<testsuite skipped="0" hostname="DESKTOP-MP5NCNK" name="com.training.sanity.tests.RegisterTest" tests="2" failures="0" timestamp="2020-02-02T15:36:39 IST" time="27.946" errors="0">
  <testcase name="newRegisterTest" time="14.360" classname="com.training.sanity.tests.RegisterTest"/>
  <testcase name="validRegistration" time="13.586" classname="com.training.sanity.tests.RegisterTest"/>
</testsuite> <!-- com.training.sanity.tests.RegisterTest -->
