<?xml version="1.0" encoding="UTF-8"?>
<!-- Generated by org.testng.reporters.JUnitReportReporter -->
<testsuite skipped="0" hostname="DESKTOP-MP5NCNK" name="com.training.sanity.tests.RegisterTest" tests="2" failures="0" timestamp="2020-01-31T10:39:12 IST" time="26.478" errors="0">
  <testcase name="newRegisterTest" time="12.994" classname="com.training.sanity.tests.RegisterTest"/>
  <testcase name="validRegistration" time="13.484" classname="com.training.sanity.tests.RegisterTest"/>
</testsuite> <!-- com.training.sanity.tests.RegisterTest -->
