<?xml version="1.0" encoding="UTF-8"?>
<!-- Generated by org.testng.reporters.JUnitReportReporter -->
<testsuite skipped="0" hostname="DESKTOP-MP5NCNK" name="com.training.sanity.tests.LoginRetailTest" tests="2" failures="0" timestamp="2020-01-30T10:55:07 IST" time="15.115" errors="0">
  <testcase name="newRegisterTest" time="7.246" classname="com.training.sanity.tests.LoginRetailTest"/>
  <testcase name="LoginTest" time="7.869" classname="com.training.sanity.tests.LoginRetailTest"/>
</testsuite> <!-- com.training.sanity.tests.LoginRetailTest -->
