<?xml version="1.0" encoding="UTF-8"?>
<!-- Generated by org.testng.reporters.JUnitReportReporter -->
<testsuite skipped="0" hostname="DESKTOP-MP5NCNK" name="com.training.sanity.tests.LoginRetailTest" tests="2" failures="0" timestamp="2020-01-31T20:16:59 IST" time="18.604" errors="0">
  <testcase name="loginTest" time="7.801" classname="com.training.sanity.tests.LoginRetailTest"/>
  <testcase name="LoginTest" time="10.803" classname="com.training.sanity.tests.LoginRetailTest"/>
</testsuite> <!-- com.training.sanity.tests.LoginRetailTest -->
